# JRE version: Java(TM) SE Runtime Environment (17.0.12+8) (build 17.0.12+8-LTS-286)
# Java VM: Java HotSpot(TM) 64-Bit Server VM (17.0.12+8-LTS-286, mixed mode, emulated-client, sharing, tiered, compressed oops, compressed class ptrs, g1 gc, windows-amd64)
GC Precious Log:
 CPUs: 2 total, 2 available
 Memory: 4095M
 Large Page Support: Disabled
 NUMA Support: Disabled
 Compressed Oops: Enabled (32-bit)
 Heap Region Size: 1M
 Heap Min Capacity: 8M
 Heap Initial Capacity: 64M
 Heap Max Capacity: 1G
 Pre-touch: Disabled
 Parallel Workers: 2
 Concurrent Workers: 1
 Concurrent Refinement Workers: 2
 Periodic GC: Disabled
Heap:
 garbage-first heap   total 65536K, used 18938K [0x00000000c0000000, 0x0000000100000000)
  region size 1024K, 2 young (2048K), 2 survivors (2048K)
 Metaspace       used 28521K, committed 28928K, reserved 1114112K
  class space    used 3972K, committed 4160K, reserved 1048576K
GC Heap History (19 events):
Event: 0.269 GC heap before
{Heap before GC invocations=0 (full 0):
 garbage-first heap   total 65536K, used 6144K [0x00000000c0000000, 0x0000000100000000)
  region size 1024K, 6 young (6144K), 0 survivors (0K)
 Metaspace       used 320K, committed 512K, reserved 1114112K
  class space    used 18K, committed 128K, reserved 1048576K
}
Event: 0.274 GC heap after
{Heap after GC invocations=1 (full 0):
 garbage-first heap   total 65536K, used 5240K [0x00000000c0000000, 0x0000000100000000)
  region size 1024K, 1 young (1024K), 1 survivors (1024K)
 Metaspace       used 320K, committed 512K, reserved 1114112K
  class space    used 18K, committed 128K, reserved 1048576K
}
Event: 0.431 GC heap before
{Heap before GC invocations=1 (full 0):
 garbage-first heap   total 65536K, used 8312K [0x00000000c0000000, 0x0000000100000000)
  region size 1024K, 4 young (4096K), 1 survivors (1024K)
 Metaspace       used 2692K, committed 2816K, reserved 1114112K
  class space    used 322K, committed 384K, reserved 1048576K
}
Event: 0.435 GC heap after
{Heap after GC invocations=2 (full 0):
 garbage-first heap   total 65536K, used 6579K [0x00000000c0000000, 0x0000000100000000)
  region size 1024K, 1 young (1024K), 1 survivors (1024K)
 Metaspace       used 2692K, committed 2816K, reserved 1114112K
  class space    used 322K, committed 384K, reserved 1048576K
}
Event: 0.982 GC heap before
{Heap before GC invocations=2 (full 0):
 garbage-first heap   total 65536K, used 12723K [0x00000000c0000000, 0x0000000100000000)
  region size 1024K, 7 young (7168K), 1 survivors (1024K)
 Metaspace       used 6115K, committed 6336K, reserved 1114112K
  class space    used 761K, committed 896K, reserved 1048576K
}
Event: 1.023 GC heap after
{Heap after GC invocations=3 (full 0):
 garbage-first heap   total 65536K, used 7742K [0x00000000c0000000, 0x0000000100000000)
  region size 1024K, 1 young (1024K), 1 survivors (1024K)
 Metaspace       used 6115K, committed 6336K, reserved 1114112K
  class space    used 761K, committed 896K, reserved 1048576K
}
Event: 2.375 GC heap before
{Heap before GC invocations=3 (full 0):
 garbage-first heap   total 65536K, used 17982K [0x00000000c0000000, 0x0000000100000000)
  region size 1024K, 11 young (11264K), 1 survivors (1024K)
 Metaspace       used 7707K, committed 8000K, reserved 1114112K
  class space    used 1002K, committed 1152K, reserved 1048576K
}
Event: 2.387 GC heap after
{Heap after GC invocations=4 (full 0):
 garbage-first heap   total 65536K, used 8280K [0x00000000c0000000, 0x0000000100000000)
  region size 1024K, 2 young (2048K), 2 survivors (2048K)
 Metaspace       used 7707K, committed 8000K, reserved 1114112K
  class space    used 1002K, committed 1152K, reserved 1048576K
}
Event: 4.746 GC heap before
{Heap before GC invocations=4 (full 0):
 garbage-first heap   total 65536K, used 36952K [0x00000000c0000000, 0x0000000100000000)
  region size 1024K, 31 young (31744K), 2 survivors (2048K)
 Metaspace       used 14204K, committed 14464K, reserved 1114112K
  class space    used 1896K, committed 1984K, reserved 1048576K
}
Event: 4.760 GC heap after
{Heap after GC invocations=5 (full 0):
 garbage-first heap   total 65536K, used 10814K [0x00000000c0000000, 0x0000000100000000)
  region size 1024K, 4 young (4096K), 4 survivors (4096K)
 Metaspace       used 14204K, committed 14464K, reserved 1114112K
  class space    used 1896K, committed 1984K, reserved 1048576K
}
Event: 6.669 GC heap before
{Heap before GC invocations=5 (full 0):
 garbage-first heap   total 65536K, used 42558K [0x00000000c0000000, 0x0000000100000000)
  region size 1024K, 36 young (36864K), 4 survivors (4096K)
 Metaspace       used 19743K, committed 20032K, reserved 1114112K
  class space    used 2654K, committed 2816K, reserved 1048576K
}
Event: 6.684 GC heap after
{Heap after GC invocations=6 (full 0):
 garbage-first heap   total 65536K, used 13710K [0x00000000c0000000, 0x0000000100000000)
  region size 1024K, 5 young (5120K), 5 survivors (5120K)
 Metaspace       used 19743K, committed 20032K, reserved 1114112K
  class space    used 2654K, committed 2816K, reserved 1048576K
}
Event: 7.782 GC heap before
{Heap before GC invocations=6 (full 0):
 garbage-first heap   total 65536K, used 33166K [0x00000000c0000000, 0x0000000100000000)
  region size 1024K, 25 young (25600K), 5 survivors (5120K)
 Metaspace       used 21213K, committed 21504K, reserved 1114112K
  class space    used 2869K, committed 3008K, reserved 1048576K
}
Event: 7.791 GC heap after
{Heap after GC invocations=7 (full 0):
 garbage-first heap   total 65536K, used 14676K [0x00000000c0000000, 0x0000000100000000)
  region size 1024K, 2 young (2048K), 2 survivors (2048K)
 Metaspace       used 21213K, committed 21504K, reserved 1114112K
  class space    used 2869K, committed 3008K, reserved 1048576K
}
Event: 8.715 GC heap before
{Heap before GC invocations=8 (full 0):
 garbage-first heap   total 55296K, used 45396K [0x00000000c0000000, 0x0000000100000000)
  region size 1024K, 32 young (32768K), 2 survivors (2048K)
 Metaspace       used 25223K, committed 25600K, reserved 1114112K
  class space    used 3528K, committed 3712K, reserved 1048576K
}
Event: 8.724 GC heap after
{Heap after GC invocations=9 (full 0):
 garbage-first heap   total 55296K, used 17103K [0x00000000c0000000, 0x0000000100000000)
  region size 1024K, 4 young (4096K), 4 survivors (4096K)
 Metaspace       used 25223K, committed 25600K, reserved 1114112K
  class space    used 3528K, committed 3712K, reserved 1048576K
}
Event: 8.746 GC heap before
{Heap before GC invocations=9 (full 0):
 garbage-first heap   total 55296K, used 18127K [0x00000000c0000000, 0x0000000100000000)
  region size 1024K, 5 young (5120K), 4 survivors (4096K)
 Metaspace       used 25498K, committed 25920K, reserved 1114112K
  class space    used 3575K, committed 3776K, reserved 1048576K
}
Event: 8.758 GC heap after
{Heap after GC invocations=10 (full 0):
 garbage-first heap   total 55296K, used 17559K [0x00000000c0000000, 0x0000000100000000)
  region size 1024K, 1 young (1024K), 1 survivors (1024K)
 Metaspace       used 25498K, committed 25920K, reserved 1114112K
  class space    used 3575K, committed 3776K, reserved 1048576K
}
Event: 9.198 GC heap before
{Heap before GC invocations=10 (full 0):
 garbage-first heap   total 55296K, used 40087K [0x00000000c0000000, 0x0000000100000000)
  region size 1024K, 23 young (23552K), 1 survivors (1024K)
 Metaspace       used 28521K, committed 28928K, reserved 1114112K
  class space    used 3972K, committed 4160K, reserved 1048576K
}

